<?xml version="1.0" encoding="UTF-8"?>
<!-- Generated by org.testng.reporters.JUnitReportReporter -->
<testsuite hostname="KhaledaMalek" failures="0" tests="3" name="variousConcepts.CrmTest" time="57.463" errors="0" timestamp="2024-01-27T23:22:39 CST" skipped="0">
  <testcase classname="variousConcepts.CrmTest" name="TestLogin" time="20.510"/>
  <system-out/>
  <testcase classname="variousConcepts.CrmTest" name="testAlert" time="13.525"/>
  <system-out/>
  <testcase classname="variousConcepts.CrmTest" name="testAddCustomer" time="23.428"/>
  <system-out/>
</testsuite> <!-- variousConcepts.CrmTest -->
