<?xml version="1.0" encoding="UTF-8"?>
<!-- Generated by org.testng.reporters.JUnitReportReporter -->
<testsuite hostname="KhaledaMalek" failures="0" tests="2" name="variousConcepts.CrmTest" time="36.824" errors="0" timestamp="2024-01-24T20:52:32 CST" skipped="0">
  <testcase classname="variousConcepts.CrmTest" name="TestLogin" time="22.144"/>
  <system-out/>
  <testcase classname="variousConcepts.CrmTest" name="testAlert" time="14.680"/>
  <system-out/>
</testsuite> <!-- variousConcepts.CrmTest -->
